<?xml version="1.0" encoding="UTF-8"?>
<testsuite xmlns:xsi="http://www.w3.org/2001/XMLSchema-instance" xsi:noNamespaceSchemaLocation="https://maven.apache.org/surefire/maven-surefire-plugin/xsd/surefire-test-report-3.0.xsd" version="3.0" name="com.hazlin.transactionmanagement.controller.TransactionControllerTest" time="3.768" tests="8" errors="1" skipped="0" failures="0">
  <properties>
    <property name="socksProxyHost" value="127.0.0.1"/>
    <property name="http.proxyHost" value="127.0.0.1"/>
    <property name="java.specification.version" value="21"/>
    <property name="sun.jnu.encoding" value="UTF-8"/>
    <property name="java.class.path" value="/Users/hazlin/Documents/work/transactionmanagement/target/test-classes:/Users/hazlin/Documents/work/transactionmanagement/target/classes:/Users/hazlin/.m2/repository/org/springframework/boot/spring-boot-starter-web/3.1.5/spring-boot-starter-web-3.1.5.jar:/Users/hazlin/.m2/repository/org/springframework/boot/spring-boot-starter/3.1.5/spring-boot-starter-3.1.5.jar:/Users/hazlin/.m2/repository/org/springframework/boot/spring-boot/3.1.5/spring-boot-3.1.5.jar:/Users/hazlin/.m2/repository/org/springframework/boot/spring-boot-autoconfigure/3.1.5/spring-boot-autoconfigure-3.1.5.jar:/Users/hazlin/.m2/repository/org/springframework/boot/spring-boot-starter-logging/3.1.5/spring-boot-starter-logging-3.1.5.jar:/Users/hazlin/.m2/repository/ch/qos/logback/logback-classic/1.4.11/logback-classic-1.4.11.jar:/Users/hazlin/.m2/repository/ch/qos/logback/logback-core/1.4.11/logback-core-1.4.11.jar:/Users/hazlin/.m2/repository/org/apache/logging/log4j/log4j-to-slf4j/2.20.0/log4j-to-slf4j-2.20.0.jar:/Users/hazlin/.m2/repository/org/apache/logging/log4j/log4j-api/2.20.0/log4j-api-2.20.0.jar:/Users/hazlin/.m2/repository/org/slf4j/jul-to-slf4j/2.0.9/jul-to-slf4j-2.0.9.jar:/Users/hazlin/.m2/repository/jakarta/annotation/jakarta.annotation-api/2.1.1/jakarta.annotation-api-2.1.1.jar:/Users/hazlin/.m2/repository/org/yaml/snakeyaml/1.33/snakeyaml-1.33.jar:/Users/hazlin/.m2/repository/org/springframework/boot/spring-boot-starter-json/3.1.5/spring-boot-starter-json-3.1.5.jar:/Users/hazlin/.m2/repository/com/fasterxml/jackson/datatype/jackson-datatype-jdk8/2.15.3/jackson-datatype-jdk8-2.15.3.jar:/Users/hazlin/.m2/repository/com/fasterxml/jackson/datatype/jackson-datatype-jsr310/2.15.3/jackson-datatype-jsr310-2.15.3.jar:/Users/hazlin/.m2/repository/com/fasterxml/jackson/module/jackson-module-parameter-names/2.15.3/jackson-module-parameter-names-2.15.3.jar:/Users/hazlin/.m2/repository/org/springframework/boot/spring-boot-starter-tomcat/3.1.5/spring-boot-starter-tomcat-3.1.5.jar:/Users/hazlin/.m2/repository/org/apache/tomcat/embed/tomcat-embed-core/10.1.15/tomcat-embed-core-10.1.15.jar:/Users/hazlin/.m2/repository/org/apache/tomcat/embed/tomcat-embed-websocket/10.1.15/tomcat-embed-websocket-10.1.15.jar:/Users/hazlin/.m2/repository/org/springframework/spring-web/6.0.13/spring-web-6.0.13.jar:/Users/hazlin/.m2/repository/org/springframework/spring-beans/6.0.13/spring-beans-6.0.13.jar:/Users/hazlin/.m2/repository/io/micrometer/micrometer-observation/1.11.5/micrometer-observation-1.11.5.jar:/Users/hazlin/.m2/repository/io/micrometer/micrometer-commons/1.11.5/micrometer-commons-1.11.5.jar:/Users/hazlin/.m2/repository/org/springframework/spring-webmvc/6.0.13/spring-webmvc-6.0.13.jar:/Users/hazlin/.m2/repository/org/springframework/spring-aop/6.0.13/spring-aop-6.0.13.jar:/Users/hazlin/.m2/repository/org/springframework/spring-context/6.0.13/spring-context-6.0.13.jar:/Users/hazlin/.m2/repository/org/springframework/spring-expression/6.0.13/spring-expression-6.0.13.jar:/Users/hazlin/.m2/repository/org/springframework/boot/spring-boot-starter-data-jpa/3.1.5/spring-boot-starter-data-jpa-3.1.5.jar:/Users/hazlin/.m2/repository/org/springframework/boot/spring-boot-starter-aop/3.1.5/spring-boot-starter-aop-3.1.5.jar:/Users/hazlin/.m2/repository/org/aspectj/aspectjweaver/1.9.20/aspectjweaver-1.9.20.jar:/Users/hazlin/.m2/repository/org/springframework/boot/spring-boot-starter-jdbc/3.1.5/spring-boot-starter-jdbc-3.1.5.jar:/Users/hazlin/.m2/repository/com/zaxxer/HikariCP/5.0.1/HikariCP-5.0.1.jar:/Users/hazlin/.m2/repository/org/springframework/spring-jdbc/6.0.13/spring-jdbc-6.0.13.jar:/Users/hazlin/.m2/repository/org/hibernate/orm/hibernate-core/6.2.13.Final/hibernate-core-6.2.13.Final.jar:/Users/hazlin/.m2/repository/jakarta/persistence/jakarta.persistence-api/3.1.0/jakarta.persistence-api-3.1.0.jar:/Users/hazlin/.m2/repository/jakarta/transaction/jakarta.transaction-api/2.0.1/jakarta.transaction-api-2.0.1.jar:/Users/hazlin/.m2/repository/org/jboss/logging/jboss-logging/3.5.3.Final/jboss-logging-3.5.3.Final.jar:/Users/hazlin/.m2/repository/org/hibernate/common/hibernate-commons-annotations/6.0.6.Final/hibernate-commons-annotations-6.0.6.Final.jar:/Users/hazlin/.m2/repository/io/smallrye/jandex/3.0.5/jandex-3.0.5.jar:/Users/hazlin/.m2/repository/com/fasterxml/classmate/1.5.1/classmate-1.5.1.jar:/Users/hazlin/.m2/repository/net/bytebuddy/byte-buddy/1.14.9/byte-buddy-1.14.9.jar:/Users/hazlin/.m2/repository/org/glassfish/jaxb/jaxb-runtime/4.0.3/jaxb-runtime-4.0.3.jar:/Users/hazlin/.m2/repository/org/glassfish/jaxb/jaxb-core/4.0.3/jaxb-core-4.0.3.jar:/Users/hazlin/.m2/repository/org/eclipse/angus/angus-activation/2.0.1/angus-activation-2.0.1.jar:/Users/hazlin/.m2/repository/org/glassfish/jaxb/txw2/4.0.3/txw2-4.0.3.jar:/Users/hazlin/.m2/repository/com/sun/istack/istack-commons-runtime/4.1.2/istack-commons-runtime-4.1.2.jar:/Users/hazlin/.m2/repository/jakarta/inject/jakarta.inject-api/2.0.1/jakarta.inject-api-2.0.1.jar:/Users/hazlin/.m2/repository/org/antlr/antlr4-runtime/4.10.1/antlr4-runtime-4.10.1.jar:/Users/hazlin/.m2/repository/org/springframework/data/spring-data-jpa/3.1.5/spring-data-jpa-3.1.5.jar:/Users/hazlin/.m2/repository/org/springframework/data/spring-data-commons/3.1.5/spring-data-commons-3.1.5.jar:/Users/hazlin/.m2/repository/org/springframework/spring-orm/6.0.13/spring-orm-6.0.13.jar:/Users/hazlin/.m2/repository/org/springframework/spring-tx/6.0.13/spring-tx-6.0.13.jar:/Users/hazlin/.m2/repository/org/slf4j/slf4j-api/2.0.9/slf4j-api-2.0.9.jar:/Users/hazlin/.m2/repository/org/springframework/spring-aspects/6.0.13/spring-aspects-6.0.13.jar:/Users/hazlin/.m2/repository/org/springframework/boot/spring-boot-starter-validation/3.1.5/spring-boot-starter-validation-3.1.5.jar:/Users/hazlin/.m2/repository/org/apache/tomcat/embed/tomcat-embed-el/10.1.15/tomcat-embed-el-10.1.15.jar:/Users/hazlin/.m2/repository/org/hibernate/validator/hibernate-validator/8.0.1.Final/hibernate-validator-8.0.1.Final.jar:/Users/hazlin/.m2/repository/jakarta/validation/jakarta.validation-api/3.0.2/jakarta.validation-api-3.0.2.jar:/Users/hazlin/.m2/repository/org/springframework/boot/spring-boot-starter-cache/3.1.5/spring-boot-starter-cache-3.1.5.jar:/Users/hazlin/.m2/repository/org/springframework/spring-context-support/6.0.13/spring-context-support-6.0.13.jar:/Users/hazlin/.m2/repository/com/h2database/h2/2.1.214/h2-2.1.214.jar:/Users/hazlin/.m2/repository/org/springframework/boot/spring-boot-starter-test/3.1.5/spring-boot-starter-test-3.1.5.jar:/Users/hazlin/.m2/repository/org/springframework/boot/spring-boot-test/3.1.5/spring-boot-test-3.1.5.jar:/Users/hazlin/.m2/repository/org/springframework/boot/spring-boot-test-autoconfigure/3.1.5/spring-boot-test-autoconfigure-3.1.5.jar:/Users/hazlin/.m2/repository/com/jayway/jsonpath/json-path/2.8.0/json-path-2.8.0.jar:/Users/hazlin/.m2/repository/jakarta/xml/bind/jakarta.xml.bind-api/4.0.1/jakarta.xml.bind-api-4.0.1.jar:/Users/hazlin/.m2/repository/jakarta/activation/jakarta.activation-api/2.1.2/jakarta.activation-api-2.1.2.jar:/Users/hazlin/.m2/repository/net/minidev/json-smart/2.4.11/json-smart-2.4.11.jar:/Users/hazlin/.m2/repository/net/minidev/accessors-smart/2.4.11/accessors-smart-2.4.11.jar:/Users/hazlin/.m2/repository/org/ow2/asm/asm/9.3/asm-9.3.jar:/Users/hazlin/.m2/repository/org/assertj/assertj-core/3.24.2/assertj-core-3.24.2.jar:/Users/hazlin/.m2/repository/org/hamcrest/hamcrest/2.2/hamcrest-2.2.jar:/Users/hazlin/.m2/repository/org/junit/jupiter/junit-jupiter/5.9.3/junit-jupiter-5.9.3.jar:/Users/hazlin/.m2/repository/org/junit/jupiter/junit-jupiter-api/5.9.3/junit-jupiter-api-5.9.3.jar:/Users/hazlin/.m2/repository/org/opentest4j/opentest4j/1.2.0/opentest4j-1.2.0.jar:/Users/hazlin/.m2/repository/org/junit/platform/junit-platform-commons/1.9.3/junit-platform-commons-1.9.3.jar:/Users/hazlin/.m2/repository/org/apiguardian/apiguardian-api/1.1.2/apiguardian-api-1.1.2.jar:/Users/hazlin/.m2/repository/org/junit/jupiter/junit-jupiter-params/5.9.3/junit-jupiter-params-5.9.3.jar:/Users/hazlin/.m2/repository/org/junit/jupiter/junit-jupiter-engine/5.9.3/junit-jupiter-engine-5.9.3.jar:/Users/hazlin/.m2/repository/org/junit/platform/junit-platform-engine/1.9.3/junit-platform-engine-1.9.3.jar:/Users/hazlin/.m2/repository/org/mockito/mockito-core/5.3.1/mockito-core-5.3.1.jar:/Users/hazlin/.m2/repository/net/bytebuddy/byte-buddy-agent/1.14.9/byte-buddy-agent-1.14.9.jar:/Users/hazlin/.m2/repository/org/objenesis/objenesis/3.3/objenesis-3.3.jar:/Users/hazlin/.m2/repository/org/mockito/mockito-junit-jupiter/5.3.1/mockito-junit-jupiter-5.3.1.jar:/Users/hazlin/.m2/repository/org/skyscreamer/jsonassert/1.5.1/jsonassert-1.5.1.jar:/Users/hazlin/.m2/repository/com/vaadin/external/google/android-json/0.0.20131108.vaadin1/android-json-0.0.20131108.vaadin1.jar:/Users/hazlin/.m2/repository/org/springframework/spring-core/6.0.13/spring-core-6.0.13.jar:/Users/hazlin/.m2/repository/org/springframework/spring-jcl/6.0.13/spring-jcl-6.0.13.jar:/Users/hazlin/.m2/repository/org/springframework/spring-test/6.0.13/spring-test-6.0.13.jar:/Users/hazlin/.m2/repository/org/xmlunit/xmlunit-core/2.9.1/xmlunit-core-2.9.1.jar:/Users/hazlin/.m2/repository/io/gatling/highcharts/gatling-charts-highcharts/3.9.5/gatling-charts-highcharts-3.9.5.jar:/Users/hazlin/.m2/repository/org/scala-lang/scala-library/2.13.10/scala-library-2.13.10.jar:/Users/hazlin/.m2/repository/io/gatling/gatling-app/3.9.5/gatling-app-3.9.5.jar:/Users/hazlin/.m2/repository/io/gatling/gatling-core/3.9.5/gatling-core-3.9.5.jar:/Users/hazlin/.m2/repository/io/gatling/gatling-netty-util/3.9.5/gatling-netty-util-3.9.5.jar:/Users/hazlin/.m2/repository/io/gatling/gatling-jdk-util/3.9.5/gatling-jdk-util-3.9.5.jar:/Users/hazlin/.m2/repository/io/netty/incubator/netty-incubator-transport-native-io_uring/0.0.21.Final/netty-incubator-transport-native-io_uring-0.0.21.Final-linux-x86_64.jar:/Users/hazlin/.m2/repository/io/netty/incubator/netty-incubator-transport-classes-io_uring/0.0.21.Final/netty-incubator-transport-classes-io_uring-0.0.21.Final.jar:/Users/hazlin/.m2/repository/io/netty/incubator/netty-incubator-transport-native-io_uring/0.0.21.Final/netty-incubator-transport-native-io_uring-0.0.21.Final-linux-aarch_64.jar:/Users/hazlin/.m2/repository/io/gatling/gatling-commons/3.9.5/gatling-commons-3.9.5.jar:/Users/hazlin/.m2/repository/io/gatling/gatling-commons-shared/3.9.5/gatling-commons-shared-3.9.5.jar:/Users/hazlin/.m2/repository/org/scala-lang/scala-reflect/2.13.10/scala-reflect-2.13.10.jar:/Users/hazlin/.m2/repository/io/suzaku/boopickle_2.13/1.3.3/boopickle_2.13-1.3.3.jar:/Users/hazlin/.m2/repository/io/gatling/gatling-commons-shared-unstable/3.9.5/gatling-commons-shared-unstable-3.9.5.jar:/Users/hazlin/.m2/repository/org/typelevel/spire-macros_2.13/0.17.0/spire-macros_2.13-0.17.0.jar:/Users/hazlin/.m2/repository/com/typesafe/scala-logging/scala-logging_2.13/3.9.5/scala-logging_2.13-3.9.5.jar:/Users/hazlin/.m2/repository/io/gatling/gatling-jsonpath/3.9.5/gatling-jsonpath-3.9.5.jar:/Users/hazlin/.m2/repository/com/typesafe/akka/akka-slf4j_2.13/2.6.20/akka-slf4j_2.13-2.6.20.jar:/Users/hazlin/.m2/repository/org/simpleflatmapper/lightning-csv/8.2.3/lightning-csv-8.2.3.jar:/Users/hazlin/.m2/repository/org/simpleflatmapper/sfm-util/8.2.3/sfm-util-8.2.3.jar:/Users/hazlin/.m2/repository/com/github/ben-manes/caffeine/caffeine/3.1.8/caffeine-3.1.8.jar:/Users/hazlin/.m2/repository/org/checkerframework/checker-qual/3.37.0/checker-qual-3.37.0.jar:/Users/hazlin/.m2/repository/com/google/errorprone/error_prone_annotations/2.21.1/error_prone_annotations-2.21.1.jar:/Users/hazlin/.m2/repository/io/pebbletemplates/pebble/3.2.1/pebble-3.2.1.jar:/Users/hazlin/.m2/repository/org/unbescape/unbescape/1.1.6.RELEASE/unbescape-1.1.6.RELEASE.jar:/Users/hazlin/.m2/repository/org/scala-lang/modules/scala-parser-combinators_2.13/2.3.0/scala-parser-combinators_2.13-2.3.0.jar:/Users/hazlin/.m2/repository/com/github/scopt/scopt_2.13/3.7.1/scopt_2.13-3.7.1.jar:/Users/hazlin/.m2/repository/io/netty/netty-handler/4.1.100.Final/netty-handler-4.1.100.Final.jar:/Users/hazlin/.m2/repository/io/netty/netty-resolver/4.1.100.Final/netty-resolver-4.1.100.Final.jar:/Users/hazlin/.m2/repository/io/netty/netty-transport-native-unix-common/4.1.100.Final/netty-transport-native-unix-common-4.1.100.Final.jar:/Users/hazlin/.m2/repository/io/netty/netty-tcnative-classes/2.0.61.Final/netty-tcnative-classes-2.0.61.Final.jar:/Users/hazlin/.m2/repository/com/softwaremill/quicklens/quicklens_2.13/1.9.3/quicklens_2.13-1.9.3.jar:/Users/hazlin/.m2/repository/net/sf/saxon/Saxon-HE/10.6/Saxon-HE-10.6.jar:/Users/hazlin/.m2/repository/org/jodd/jodd-lagarto/6.0.6/jodd-lagarto-6.0.6.jar:/Users/hazlin/.m2/repository/org/jodd/jodd-util/6.1.0/jodd-util-6.1.0.jar:/Users/hazlin/.m2/repository/io/burt/jmespath-jackson/0.5.1/jmespath-jackson-0.5.1.jar:/Users/hazlin/.m2/repository/io/burt/jmespath-core/0.5.1/jmespath-core-0.5.1.jar:/Users/hazlin/.m2/repository/io/gatling/gatling-core-java/3.9.5/gatling-core-java-3.9.5.jar:/Users/hazlin/.m2/repository/net/jodah/typetools/0.6.3/typetools-0.6.3.jar:/Users/hazlin/.m2/repository/com/google/code/findbugs/jsr305/3.0.2/jsr305-3.0.2.jar:/Users/hazlin/.m2/repository/io/gatling/gatling-http/3.9.5/gatling-http-3.9.5.jar:/Users/hazlin/.m2/repository/io/gatling/gatling-http-client/3.9.5/gatling-http-client-3.9.5.jar:/Users/hazlin/.m2/repository/io/netty/netty-handler-proxy/4.1.100.Final/netty-handler-proxy-4.1.100.Final.jar:/Users/hazlin/.m2/repository/io/netty/netty-codec-socks/4.1.100.Final/netty-codec-socks-4.1.100.Final.jar:/Users/hazlin/.m2/repository/io/netty/netty-resolver-dns/4.1.100.Final/netty-resolver-dns-4.1.100.Final.jar:/Users/hazlin/.m2/repository/io/netty/netty-codec-dns/4.1.100.Final/netty-codec-dns-4.1.100.Final.jar:/Users/hazlin/.m2/repository/io/netty/netty-codec-http2/4.1.100.Final/netty-codec-http2-4.1.100.Final.jar:/Users/hazlin/.m2/repository/io/netty/netty-resolver-dns-native-macos/4.1.100.Final/netty-resolver-dns-native-macos-4.1.100.Final-osx-x86_64.jar:/Users/hazlin/.m2/repository/io/netty/netty-resolver-dns-classes-macos/4.1.100.Final/netty-resolver-dns-classes-macos-4.1.100.Final.jar:/Users/hazlin/.m2/repository/io/netty/netty-resolver-dns-native-macos/4.1.100.Final/netty-resolver-dns-native-macos-4.1.100.Final-osx-aarch_64.jar:/Users/hazlin/.m2/repository/io/netty/netty-tcnative-boringssl-static/2.0.61.Final/netty-tcnative-boringssl-static-2.0.61.Final.jar:/Users/hazlin/.m2/repository/io/netty/netty-tcnative-boringssl-static/2.0.61.Final/netty-tcnative-boringssl-static-2.0.61.Final-linux-x86_64.jar:/Users/hazlin/.m2/repository/io/netty/netty-tcnative-boringssl-static/2.0.61.Final/netty-tcnative-boringssl-static-2.0.61.Final-linux-aarch_64.jar:/Users/hazlin/.m2/repository/io/netty/netty-tcnative-boringssl-static/2.0.61.Final/netty-tcnative-boringssl-static-2.0.61.Final-osx-x86_64.jar:/Users/hazlin/.m2/repository/io/netty/netty-tcnative-boringssl-static/2.0.61.Final/netty-tcnative-boringssl-static-2.0.61.Final-osx-aarch_64.jar:/Users/hazlin/.m2/repository/io/netty/netty-tcnative-boringssl-static/2.0.61.Final/netty-tcnative-boringssl-static-2.0.61.Final-windows-x86_64.jar:/Users/hazlin/.m2/repository/com/aayushatharva/brotli4j/brotli4j/1.11.0/brotli4j-1.11.0.jar:/Users/hazlin/.m2/repository/com/aayushatharva/brotli4j/service/1.11.0/service-1.11.0.jar:/Users/hazlin/.m2/repository/com/aayushatharva/brotli4j/native-linux-x86_64/1.11.0/native-linux-x86_64-1.11.0.jar:/Users/hazlin/.m2/repository/com/aayushatharva/brotli4j/native-linux-aarch64/1.11.0/native-linux-aarch64-1.11.0.jar:/Users/hazlin/.m2/repository/com/aayushatharva/brotli4j/native-osx-x86_64/1.11.0/native-osx-x86_64-1.11.0.jar:/Users/hazlin/.m2/repository/com/aayushatharva/brotli4j/native-osx-aarch64/1.11.0/native-osx-aarch64-1.11.0.jar:/Users/hazlin/.m2/repository/com/aayushatharva/brotli4j/native-windows-x86_64/1.11.0/native-windows-x86_64-1.11.0.jar:/Users/hazlin/.m2/repository/io/gatling/gatling-http-java/3.9.5/gatling-http-java-3.9.5.jar:/Users/hazlin/.m2/repository/io/gatling/gatling-jms/3.9.5/gatling-jms-3.9.5.jar:/Users/hazlin/.m2/repository/javax/jms/javax.jms-api/2.0.1/javax.jms-api-2.0.1.jar:/Users/hazlin/.m2/repository/com/eatthepath/fast-uuid/0.2.0/fast-uuid-0.2.0.jar:/Users/hazlin/.m2/repository/io/gatling/gatling-jms-java/3.9.5/gatling-jms-java-3.9.5.jar:/Users/hazlin/.m2/repository/io/gatling/gatling-mqtt/3.9.5/gatling-mqtt-3.9.5.jar:/Users/hazlin/.m2/repository/io/netty/netty-codec-mqtt/4.1.100.Final/netty-codec-mqtt-4.1.100.Final.jar:/Users/hazlin/.m2/repository/io/netty/netty-transport-native-epoll/4.1.100.Final/netty-transport-native-epoll-4.1.100.Final-linux-x86_64.jar:/Users/hazlin/.m2/repository/io/netty/netty-transport-classes-epoll/4.1.100.Final/netty-transport-classes-epoll-4.1.100.Final.jar:/Users/hazlin/.m2/repository/io/netty/netty-transport-native-epoll/4.1.100.Final/netty-transport-native-epoll-4.1.100.Final-linux-aarch_64.jar:/Users/hazlin/.m2/repository/io/gatling/gatling-mqtt-java/3.9.5/gatling-mqtt-java-3.9.5.jar:/Users/hazlin/.m2/repository/io/gatling/gatling-jdbc/3.9.5/gatling-jdbc-3.9.5.jar:/Users/hazlin/.m2/repository/io/gatling/gatling-jdbc-java/3.9.5/gatling-jdbc-java-3.9.5.jar:/Users/hazlin/.m2/repository/io/gatling/gatling-redis/3.9.5/gatling-redis-3.9.5.jar:/Users/hazlin/.m2/repository/net/debasishg/redisclient_2.13/3.42/redisclient_2.13-3.42.jar:/Users/hazlin/.m2/repository/org/apache/commons/commons-pool2/2.11.1/commons-pool2-2.11.1.jar:/Users/hazlin/.m2/repository/io/gatling/gatling-redis-java/3.9.5/gatling-redis-java-3.9.5.jar:/Users/hazlin/.m2/repository/io/gatling/gatling-graphite/3.9.5/gatling-graphite-3.9.5.jar:/Users/hazlin/.m2/repository/org/hdrhistogram/HdrHistogram/2.1.12/HdrHistogram-2.1.12.jar:/Users/hazlin/.m2/repository/io/gatling/gatling-charts/3.9.5/gatling-charts-3.9.5.jar:/Users/hazlin/.m2/repository/com/tdunning/t-digest/3.1/t-digest-3.1.jar:/Users/hazlin/.m2/repository/io/gatling/gatling-recorder/3.9.5/gatling-recorder-3.9.5.jar:/Users/hazlin/.m2/repository/org/scala-lang/modules/scala-swing_2.13/3.0.0/scala-swing_2.13-3.0.0.jar:/Users/hazlin/.m2/repository/com/fasterxml/jackson/core/jackson-databind/2.15.3/jackson-databind-2.15.3.jar:/Users/hazlin/.m2/repository/com/fasterxml/jackson/core/jackson-annotations/2.15.3/jackson-annotations-2.15.3.jar:/Users/hazlin/.m2/repository/com/fasterxml/jackson/core/jackson-core/2.15.3/jackson-core-2.15.3.jar:/Users/hazlin/.m2/repository/io/gatling/gatling-recorder-bc-shaded/1.73/gatling-recorder-bc-shaded-1.73.jar:/Users/hazlin/.m2/repository/io/netty/netty-codec-http/4.1.100.Final/netty-codec-http-4.1.100.Final.jar:/Users/hazlin/.m2/repository/io/netty/netty-common/4.1.100.Final/netty-common-4.1.100.Final.jar:/Users/hazlin/.m2/repository/io/netty/netty-buffer/4.1.100.Final/netty-buffer-4.1.100.Final.jar:/Users/hazlin/.m2/repository/io/netty/netty-transport/4.1.100.Final/netty-transport-4.1.100.Final.jar:/Users/hazlin/.m2/repository/io/netty/netty-codec/4.1.100.Final/netty-codec-4.1.100.Final.jar:/Users/hazlin/.m2/repository/com/typesafe/akka/akka-actor_2.13/2.6.20/akka-actor_2.13-2.6.20.jar:/Users/hazlin/.m2/repository/com/typesafe/config/1.4.2/config-1.4.2.jar:/Users/hazlin/.m2/repository/org/scala-lang/modules/scala-java8-compat_2.13/1.0.0/scala-java8-compat_2.13-1.0.0.jar:"/>
    <property name="https.proxyPort" value="7897"/>
    <property name="java.vm.vendor" value="Oracle Corporation"/>
    <property name="sun.arch.data.model" value="64"/>
    <property name="java.vendor.url" value="https://java.oracle.com/"/>
    <property name="user.timezone" value="Asia/Shanghai"/>
    <property name="org.jboss.logging.provider" value="slf4j"/>
    <property name="os.name" value="Mac OS X"/>
    <property name="java.vm.specification.version" value="21"/>
    <property name="sun.java.launcher" value="SUN_STANDARD"/>
    <property name="user.country" value="CN"/>
    <property name="sun.boot.library.path" value="/Library/Java/JavaVirtualMachines/jdk-21.jdk/Contents/Home/lib"/>
    <property name="sun.java.command" value="/Users/hazlin/Documents/work/transactionmanagement/target/surefire/surefirebooter-20250827231201380_3.jar /Users/hazlin/Documents/work/transactionmanagement/target/surefire 2025-08-27T23-12-01_283-jvmRun1 surefire-20250827231201380_1tmp surefire_0-20250827231201380_2tmp"/>
    <property name="http.nonProxyHosts" value="127.0.0.1|192.168.0.0/16|*.192.168.0.0/16|10.0.0.0/8|*.10.0.0.0/8|172.16.0.0/12|*.172.16.0.0/12|172.29.0.0/16|*.172.29.0.0/16|localhost|*.localhost|local|*.local|crashlytics.com|*.crashlytics.com|&lt;local&gt;|*.&lt;local&gt;"/>
    <property name="jdk.debug" value="release"/>
    <property name="surefire.test.class.path" value="/Users/hazlin/Documents/work/transactionmanagement/target/test-classes:/Users/hazlin/Documents/work/transactionmanagement/target/classes:/Users/hazlin/.m2/repository/org/springframework/boot/spring-boot-starter-web/3.1.5/spring-boot-starter-web-3.1.5.jar:/Users/hazlin/.m2/repository/org/springframework/boot/spring-boot-starter/3.1.5/spring-boot-starter-3.1.5.jar:/Users/hazlin/.m2/repository/org/springframework/boot/spring-boot/3.1.5/spring-boot-3.1.5.jar:/Users/hazlin/.m2/repository/org/springframework/boot/spring-boot-autoconfigure/3.1.5/spring-boot-autoconfigure-3.1.5.jar:/Users/hazlin/.m2/repository/org/springframework/boot/spring-boot-starter-logging/3.1.5/spring-boot-starter-logging-3.1.5.jar:/Users/hazlin/.m2/repository/ch/qos/logback/logback-classic/1.4.11/logback-classic-1.4.11.jar:/Users/hazlin/.m2/repository/ch/qos/logback/logback-core/1.4.11/logback-core-1.4.11.jar:/Users/hazlin/.m2/repository/org/apache/logging/log4j/log4j-to-slf4j/2.20.0/log4j-to-slf4j-2.20.0.jar:/Users/hazlin/.m2/repository/org/apache/logging/log4j/log4j-api/2.20.0/log4j-api-2.20.0.jar:/Users/hazlin/.m2/repository/org/slf4j/jul-to-slf4j/2.0.9/jul-to-slf4j-2.0.9.jar:/Users/hazlin/.m2/repository/jakarta/annotation/jakarta.annotation-api/2.1.1/jakarta.annotation-api-2.1.1.jar:/Users/hazlin/.m2/repository/org/yaml/snakeyaml/1.33/snakeyaml-1.33.jar:/Users/hazlin/.m2/repository/org/springframework/boot/spring-boot-starter-json/3.1.5/spring-boot-starter-json-3.1.5.jar:/Users/hazlin/.m2/repository/com/fasterxml/jackson/datatype/jackson-datatype-jdk8/2.15.3/jackson-datatype-jdk8-2.15.3.jar:/Users/hazlin/.m2/repository/com/fasterxml/jackson/datatype/jackson-datatype-jsr310/2.15.3/jackson-datatype-jsr310-2.15.3.jar:/Users/hazlin/.m2/repository/com/fasterxml/jackson/module/jackson-module-parameter-names/2.15.3/jackson-module-parameter-names-2.15.3.jar:/Users/hazlin/.m2/repository/org/springframework/boot/spring-boot-starter-tomcat/3.1.5/spring-boot-starter-tomcat-3.1.5.jar:/Users/hazlin/.m2/repository/org/apache/tomcat/embed/tomcat-embed-core/10.1.15/tomcat-embed-core-10.1.15.jar:/Users/hazlin/.m2/repository/org/apache/tomcat/embed/tomcat-embed-websocket/10.1.15/tomcat-embed-websocket-10.1.15.jar:/Users/hazlin/.m2/repository/org/springframework/spring-web/6.0.13/spring-web-6.0.13.jar:/Users/hazlin/.m2/repository/org/springframework/spring-beans/6.0.13/spring-beans-6.0.13.jar:/Users/hazlin/.m2/repository/io/micrometer/micrometer-observation/1.11.5/micrometer-observation-1.11.5.jar:/Users/hazlin/.m2/repository/io/micrometer/micrometer-commons/1.11.5/micrometer-commons-1.11.5.jar:/Users/hazlin/.m2/repository/org/springframework/spring-webmvc/6.0.13/spring-webmvc-6.0.13.jar:/Users/hazlin/.m2/repository/org/springframework/spring-aop/6.0.13/spring-aop-6.0.13.jar:/Users/hazlin/.m2/repository/org/springframework/spring-context/6.0.13/spring-context-6.0.13.jar:/Users/hazlin/.m2/repository/org/springframework/spring-expression/6.0.13/spring-expression-6.0.13.jar:/Users/hazlin/.m2/repository/org/springframework/boot/spring-boot-starter-data-jpa/3.1.5/spring-boot-starter-data-jpa-3.1.5.jar:/Users/hazlin/.m2/repository/org/springframework/boot/spring-boot-starter-aop/3.1.5/spring-boot-starter-aop-3.1.5.jar:/Users/hazlin/.m2/repository/org/aspectj/aspectjweaver/1.9.20/aspectjweaver-1.9.20.jar:/Users/hazlin/.m2/repository/org/springframework/boot/spring-boot-starter-jdbc/3.1.5/spring-boot-starter-jdbc-3.1.5.jar:/Users/hazlin/.m2/repository/com/zaxxer/HikariCP/5.0.1/HikariCP-5.0.1.jar:/Users/hazlin/.m2/repository/org/springframework/spring-jdbc/6.0.13/spring-jdbc-6.0.13.jar:/Users/hazlin/.m2/repository/org/hibernate/orm/hibernate-core/6.2.13.Final/hibernate-core-6.2.13.Final.jar:/Users/hazlin/.m2/repository/jakarta/persistence/jakarta.persistence-api/3.1.0/jakarta.persistence-api-3.1.0.jar:/Users/hazlin/.m2/repository/jakarta/transaction/jakarta.transaction-api/2.0.1/jakarta.transaction-api-2.0.1.jar:/Users/hazlin/.m2/repository/org/jboss/logging/jboss-logging/3.5.3.Final/jboss-logging-3.5.3.Final.jar:/Users/hazlin/.m2/repository/org/hibernate/common/hibernate-commons-annotations/6.0.6.Final/hibernate-commons-annotations-6.0.6.Final.jar:/Users/hazlin/.m2/repository/io/smallrye/jandex/3.0.5/jandex-3.0.5.jar:/Users/hazlin/.m2/repository/com/fasterxml/classmate/1.5.1/classmate-1.5.1.jar:/Users/hazlin/.m2/repository/net/bytebuddy/byte-buddy/1.14.9/byte-buddy-1.14.9.jar:/Users/hazlin/.m2/repository/org/glassfish/jaxb/jaxb-runtime/4.0.3/jaxb-runtime-4.0.3.jar:/Users/hazlin/.m2/repository/org/glassfish/jaxb/jaxb-core/4.0.3/jaxb-core-4.0.3.jar:/Users/hazlin/.m2/repository/org/eclipse/angus/angus-activation/2.0.1/angus-activation-2.0.1.jar:/Users/hazlin/.m2/repository/org/glassfish/jaxb/txw2/4.0.3/txw2-4.0.3.jar:/Users/hazlin/.m2/repository/com/sun/istack/istack-commons-runtime/4.1.2/istack-commons-runtime-4.1.2.jar:/Users/hazlin/.m2/repository/jakarta/inject/jakarta.inject-api/2.0.1/jakarta.inject-api-2.0.1.jar:/Users/hazlin/.m2/repository/org/antlr/antlr4-runtime/4.10.1/antlr4-runtime-4.10.1.jar:/Users/hazlin/.m2/repository/org/springframework/data/spring-data-jpa/3.1.5/spring-data-jpa-3.1.5.jar:/Users/hazlin/.m2/repository/org/springframework/data/spring-data-commons/3.1.5/spring-data-commons-3.1.5.jar:/Users/hazlin/.m2/repository/org/springframework/spring-orm/6.0.13/spring-orm-6.0.13.jar:/Users/hazlin/.m2/repository/org/springframework/spring-tx/6.0.13/spring-tx-6.0.13.jar:/Users/hazlin/.m2/repository/org/slf4j/slf4j-api/2.0.9/slf4j-api-2.0.9.jar:/Users/hazlin/.m2/repository/org/springframework/spring-aspects/6.0.13/spring-aspects-6.0.13.jar:/Users/hazlin/.m2/repository/org/springframework/boot/spring-boot-starter-validation/3.1.5/spring-boot-starter-validation-3.1.5.jar:/Users/hazlin/.m2/repository/org/apache/tomcat/embed/tomcat-embed-el/10.1.15/tomcat-embed-el-10.1.15.jar:/Users/hazlin/.m2/repository/org/hibernate/validator/hibernate-validator/8.0.1.Final/hibernate-validator-8.0.1.Final.jar:/Users/hazlin/.m2/repository/jakarta/validation/jakarta.validation-api/3.0.2/jakarta.validation-api-3.0.2.jar:/Users/hazlin/.m2/repository/org/springframework/boot/spring-boot-starter-cache/3.1.5/spring-boot-starter-cache-3.1.5.jar:/Users/hazlin/.m2/repository/org/springframework/spring-context-support/6.0.13/spring-context-support-6.0.13.jar:/Users/hazlin/.m2/repository/com/h2database/h2/2.1.214/h2-2.1.214.jar:/Users/hazlin/.m2/repository/org/springframework/boot/spring-boot-starter-test/3.1.5/spring-boot-starter-test-3.1.5.jar:/Users/hazlin/.m2/repository/org/springframework/boot/spring-boot-test/3.1.5/spring-boot-test-3.1.5.jar:/Users/hazlin/.m2/repository/org/springframework/boot/spring-boot-test-autoconfigure/3.1.5/spring-boot-test-autoconfigure-3.1.5.jar:/Users/hazlin/.m2/repository/com/jayway/jsonpath/json-path/2.8.0/json-path-2.8.0.jar:/Users/hazlin/.m2/repository/jakarta/xml/bind/jakarta.xml.bind-api/4.0.1/jakarta.xml.bind-api-4.0.1.jar:/Users/hazlin/.m2/repository/jakarta/activation/jakarta.activation-api/2.1.2/jakarta.activation-api-2.1.2.jar:/Users/hazlin/.m2/repository/net/minidev/json-smart/2.4.11/json-smart-2.4.11.jar:/Users/hazlin/.m2/repository/net/minidev/accessors-smart/2.4.11/accessors-smart-2.4.11.jar:/Users/hazlin/.m2/repository/org/ow2/asm/asm/9.3/asm-9.3.jar:/Users/hazlin/.m2/repository/org/assertj/assertj-core/3.24.2/assertj-core-3.24.2.jar:/Users/hazlin/.m2/repository/org/hamcrest/hamcrest/2.2/hamcrest-2.2.jar:/Users/hazlin/.m2/repository/org/junit/jupiter/junit-jupiter/5.9.3/junit-jupiter-5.9.3.jar:/Users/hazlin/.m2/repository/org/junit/jupiter/junit-jupiter-api/5.9.3/junit-jupiter-api-5.9.3.jar:/Users/hazlin/.m2/repository/org/opentest4j/opentest4j/1.2.0/opentest4j-1.2.0.jar:/Users/hazlin/.m2/repository/org/junit/platform/junit-platform-commons/1.9.3/junit-platform-commons-1.9.3.jar:/Users/hazlin/.m2/repository/org/apiguardian/apiguardian-api/1.1.2/apiguardian-api-1.1.2.jar:/Users/hazlin/.m2/repository/org/junit/jupiter/junit-jupiter-params/5.9.3/junit-jupiter-params-5.9.3.jar:/Users/hazlin/.m2/repository/org/junit/jupiter/junit-jupiter-engine/5.9.3/junit-jupiter-engine-5.9.3.jar:/Users/hazlin/.m2/repository/org/junit/platform/junit-platform-engine/1.9.3/junit-platform-engine-1.9.3.jar:/Users/hazlin/.m2/repository/org/mockito/mockito-core/5.3.1/mockito-core-5.3.1.jar:/Users/hazlin/.m2/repository/net/bytebuddy/byte-buddy-agent/1.14.9/byte-buddy-agent-1.14.9.jar:/Users/hazlin/.m2/repository/org/objenesis/objenesis/3.3/objenesis-3.3.jar:/Users/hazlin/.m2/repository/org/mockito/mockito-junit-jupiter/5.3.1/mockito-junit-jupiter-5.3.1.jar:/Users/hazlin/.m2/repository/org/skyscreamer/jsonassert/1.5.1/jsonassert-1.5.1.jar:/Users/hazlin/.m2/repository/com/vaadin/external/google/android-json/0.0.20131108.vaadin1/android-json-0.0.20131108.vaadin1.jar:/Users/hazlin/.m2/repository/org/springframework/spring-core/6.0.13/spring-core-6.0.13.jar:/Users/hazlin/.m2/repository/org/springframework/spring-jcl/6.0.13/spring-jcl-6.0.13.jar:/Users/hazlin/.m2/repository/org/springframework/spring-test/6.0.13/spring-test-6.0.13.jar:/Users/hazlin/.m2/repository/org/xmlunit/xmlunit-core/2.9.1/xmlunit-core-2.9.1.jar:/Users/hazlin/.m2/repository/io/gatling/highcharts/gatling-charts-highcharts/3.9.5/gatling-charts-highcharts-3.9.5.jar:/Users/hazlin/.m2/repository/org/scala-lang/scala-library/2.13.10/scala-library-2.13.10.jar:/Users/hazlin/.m2/repository/io/gatling/gatling-app/3.9.5/gatling-app-3.9.5.jar:/Users/hazlin/.m2/repository/io/gatling/gatling-core/3.9.5/gatling-core-3.9.5.jar:/Users/hazlin/.m2/repository/io/gatling/gatling-netty-util/3.9.5/gatling-netty-util-3.9.5.jar:/Users/hazlin/.m2/repository/io/gatling/gatling-jdk-util/3.9.5/gatling-jdk-util-3.9.5.jar:/Users/hazlin/.m2/repository/io/netty/incubator/netty-incubator-transport-native-io_uring/0.0.21.Final/netty-incubator-transport-native-io_uring-0.0.21.Final-linux-x86_64.jar:/Users/hazlin/.m2/repository/io/netty/incubator/netty-incubator-transport-classes-io_uring/0.0.21.Final/netty-incubator-transport-classes-io_uring-0.0.21.Final.jar:/Users/hazlin/.m2/repository/io/netty/incubator/netty-incubator-transport-native-io_uring/0.0.21.Final/netty-incubator-transport-native-io_uring-0.0.21.Final-linux-aarch_64.jar:/Users/hazlin/.m2/repository/io/gatling/gatling-commons/3.9.5/gatling-commons-3.9.5.jar:/Users/hazlin/.m2/repository/io/gatling/gatling-commons-shared/3.9.5/gatling-commons-shared-3.9.5.jar:/Users/hazlin/.m2/repository/org/scala-lang/scala-reflect/2.13.10/scala-reflect-2.13.10.jar:/Users/hazlin/.m2/repository/io/suzaku/boopickle_2.13/1.3.3/boopickle_2.13-1.3.3.jar:/Users/hazlin/.m2/repository/io/gatling/gatling-commons-shared-unstable/3.9.5/gatling-commons-shared-unstable-3.9.5.jar:/Users/hazlin/.m2/repository/org/typelevel/spire-macros_2.13/0.17.0/spire-macros_2.13-0.17.0.jar:/Users/hazlin/.m2/repository/com/typesafe/scala-logging/scala-logging_2.13/3.9.5/scala-logging_2.13-3.9.5.jar:/Users/hazlin/.m2/repository/io/gatling/gatling-jsonpath/3.9.5/gatling-jsonpath-3.9.5.jar:/Users/hazlin/.m2/repository/com/typesafe/akka/akka-slf4j_2.13/2.6.20/akka-slf4j_2.13-2.6.20.jar:/Users/hazlin/.m2/repository/org/simpleflatmapper/lightning-csv/8.2.3/lightning-csv-8.2.3.jar:/Users/hazlin/.m2/repository/org/simpleflatmapper/sfm-util/8.2.3/sfm-util-8.2.3.jar:/Users/hazlin/.m2/repository/com/github/ben-manes/caffeine/caffeine/3.1.8/caffeine-3.1.8.jar:/Users/hazlin/.m2/repository/org/checkerframework/checker-qual/3.37.0/checker-qual-3.37.0.jar:/Users/hazlin/.m2/repository/com/google/errorprone/error_prone_annotations/2.21.1/error_prone_annotations-2.21.1.jar:/Users/hazlin/.m2/repository/io/pebbletemplates/pebble/3.2.1/pebble-3.2.1.jar:/Users/hazlin/.m2/repository/org/unbescape/unbescape/1.1.6.RELEASE/unbescape-1.1.6.RELEASE.jar:/Users/hazlin/.m2/repository/org/scala-lang/modules/scala-parser-combinators_2.13/2.3.0/scala-parser-combinators_2.13-2.3.0.jar:/Users/hazlin/.m2/repository/com/github/scopt/scopt_2.13/3.7.1/scopt_2.13-3.7.1.jar:/Users/hazlin/.m2/repository/io/netty/netty-handler/4.1.100.Final/netty-handler-4.1.100.Final.jar:/Users/hazlin/.m2/repository/io/netty/netty-resolver/4.1.100.Final/netty-resolver-4.1.100.Final.jar:/Users/hazlin/.m2/repository/io/netty/netty-transport-native-unix-common/4.1.100.Final/netty-transport-native-unix-common-4.1.100.Final.jar:/Users/hazlin/.m2/repository/io/netty/netty-tcnative-classes/2.0.61.Final/netty-tcnative-classes-2.0.61.Final.jar:/Users/hazlin/.m2/repository/com/softwaremill/quicklens/quicklens_2.13/1.9.3/quicklens_2.13-1.9.3.jar:/Users/hazlin/.m2/repository/net/sf/saxon/Saxon-HE/10.6/Saxon-HE-10.6.jar:/Users/hazlin/.m2/repository/org/jodd/jodd-lagarto/6.0.6/jodd-lagarto-6.0.6.jar:/Users/hazlin/.m2/repository/org/jodd/jodd-util/6.1.0/jodd-util-6.1.0.jar:/Users/hazlin/.m2/repository/io/burt/jmespath-jackson/0.5.1/jmespath-jackson-0.5.1.jar:/Users/hazlin/.m2/repository/io/burt/jmespath-core/0.5.1/jmespath-core-0.5.1.jar:/Users/hazlin/.m2/repository/io/gatling/gatling-core-java/3.9.5/gatling-core-java-3.9.5.jar:/Users/hazlin/.m2/repository/net/jodah/typetools/0.6.3/typetools-0.6.3.jar:/Users/hazlin/.m2/repository/com/google/code/findbugs/jsr305/3.0.2/jsr305-3.0.2.jar:/Users/hazlin/.m2/repository/io/gatling/gatling-http/3.9.5/gatling-http-3.9.5.jar:/Users/hazlin/.m2/repository/io/gatling/gatling-http-client/3.9.5/gatling-http-client-3.9.5.jar:/Users/hazlin/.m2/repository/io/netty/netty-handler-proxy/4.1.100.Final/netty-handler-proxy-4.1.100.Final.jar:/Users/hazlin/.m2/repository/io/netty/netty-codec-socks/4.1.100.Final/netty-codec-socks-4.1.100.Final.jar:/Users/hazlin/.m2/repository/io/netty/netty-resolver-dns/4.1.100.Final/netty-resolver-dns-4.1.100.Final.jar:/Users/hazlin/.m2/repository/io/netty/netty-codec-dns/4.1.100.Final/netty-codec-dns-4.1.100.Final.jar:/Users/hazlin/.m2/repository/io/netty/netty-codec-http2/4.1.100.Final/netty-codec-http2-4.1.100.Final.jar:/Users/hazlin/.m2/repository/io/netty/netty-resolver-dns-native-macos/4.1.100.Final/netty-resolver-dns-native-macos-4.1.100.Final-osx-x86_64.jar:/Users/hazlin/.m2/repository/io/netty/netty-resolver-dns-classes-macos/4.1.100.Final/netty-resolver-dns-classes-macos-4.1.100.Final.jar:/Users/hazlin/.m2/repository/io/netty/netty-resolver-dns-native-macos/4.1.100.Final/netty-resolver-dns-native-macos-4.1.100.Final-osx-aarch_64.jar:/Users/hazlin/.m2/repository/io/netty/netty-tcnative-boringssl-static/2.0.61.Final/netty-tcnative-boringssl-static-2.0.61.Final.jar:/Users/hazlin/.m2/repository/io/netty/netty-tcnative-boringssl-static/2.0.61.Final/netty-tcnative-boringssl-static-2.0.61.Final-linux-x86_64.jar:/Users/hazlin/.m2/repository/io/netty/netty-tcnative-boringssl-static/2.0.61.Final/netty-tcnative-boringssl-static-2.0.61.Final-linux-aarch_64.jar:/Users/hazlin/.m2/repository/io/netty/netty-tcnative-boringssl-static/2.0.61.Final/netty-tcnative-boringssl-static-2.0.61.Final-osx-x86_64.jar:/Users/hazlin/.m2/repository/io/netty/netty-tcnative-boringssl-static/2.0.61.Final/netty-tcnative-boringssl-static-2.0.61.Final-osx-aarch_64.jar:/Users/hazlin/.m2/repository/io/netty/netty-tcnative-boringssl-static/2.0.61.Final/netty-tcnative-boringssl-static-2.0.61.Final-windows-x86_64.jar:/Users/hazlin/.m2/repository/com/aayushatharva/brotli4j/brotli4j/1.11.0/brotli4j-1.11.0.jar:/Users/hazlin/.m2/repository/com/aayushatharva/brotli4j/service/1.11.0/service-1.11.0.jar:/Users/hazlin/.m2/repository/com/aayushatharva/brotli4j/native-linux-x86_64/1.11.0/native-linux-x86_64-1.11.0.jar:/Users/hazlin/.m2/repository/com/aayushatharva/brotli4j/native-linux-aarch64/1.11.0/native-linux-aarch64-1.11.0.jar:/Users/hazlin/.m2/repository/com/aayushatharva/brotli4j/native-osx-x86_64/1.11.0/native-osx-x86_64-1.11.0.jar:/Users/hazlin/.m2/repository/com/aayushatharva/brotli4j/native-osx-aarch64/1.11.0/native-osx-aarch64-1.11.0.jar:/Users/hazlin/.m2/repository/com/aayushatharva/brotli4j/native-windows-x86_64/1.11.0/native-windows-x86_64-1.11.0.jar:/Users/hazlin/.m2/repository/io/gatling/gatling-http-java/3.9.5/gatling-http-java-3.9.5.jar:/Users/hazlin/.m2/repository/io/gatling/gatling-jms/3.9.5/gatling-jms-3.9.5.jar:/Users/hazlin/.m2/repository/javax/jms/javax.jms-api/2.0.1/javax.jms-api-2.0.1.jar:/Users/hazlin/.m2/repository/com/eatthepath/fast-uuid/0.2.0/fast-uuid-0.2.0.jar:/Users/hazlin/.m2/repository/io/gatling/gatling-jms-java/3.9.5/gatling-jms-java-3.9.5.jar:/Users/hazlin/.m2/repository/io/gatling/gatling-mqtt/3.9.5/gatling-mqtt-3.9.5.jar:/Users/hazlin/.m2/repository/io/netty/netty-codec-mqtt/4.1.100.Final/netty-codec-mqtt-4.1.100.Final.jar:/Users/hazlin/.m2/repository/io/netty/netty-transport-native-epoll/4.1.100.Final/netty-transport-native-epoll-4.1.100.Final-linux-x86_64.jar:/Users/hazlin/.m2/repository/io/netty/netty-transport-classes-epoll/4.1.100.Final/netty-transport-classes-epoll-4.1.100.Final.jar:/Users/hazlin/.m2/repository/io/netty/netty-transport-native-epoll/4.1.100.Final/netty-transport-native-epoll-4.1.100.Final-linux-aarch_64.jar:/Users/hazlin/.m2/repository/io/gatling/gatling-mqtt-java/3.9.5/gatling-mqtt-java-3.9.5.jar:/Users/hazlin/.m2/repository/io/gatling/gatling-jdbc/3.9.5/gatling-jdbc-3.9.5.jar:/Users/hazlin/.m2/repository/io/gatling/gatling-jdbc-java/3.9.5/gatling-jdbc-java-3.9.5.jar:/Users/hazlin/.m2/repository/io/gatling/gatling-redis/3.9.5/gatling-redis-3.9.5.jar:/Users/hazlin/.m2/repository/net/debasishg/redisclient_2.13/3.42/redisclient_2.13-3.42.jar:/Users/hazlin/.m2/repository/org/apache/commons/commons-pool2/2.11.1/commons-pool2-2.11.1.jar:/Users/hazlin/.m2/repository/io/gatling/gatling-redis-java/3.9.5/gatling-redis-java-3.9.5.jar:/Users/hazlin/.m2/repository/io/gatling/gatling-graphite/3.9.5/gatling-graphite-3.9.5.jar:/Users/hazlin/.m2/repository/org/hdrhistogram/HdrHistogram/2.1.12/HdrHistogram-2.1.12.jar:/Users/hazlin/.m2/repository/io/gatling/gatling-charts/3.9.5/gatling-charts-3.9.5.jar:/Users/hazlin/.m2/repository/com/tdunning/t-digest/3.1/t-digest-3.1.jar:/Users/hazlin/.m2/repository/io/gatling/gatling-recorder/3.9.5/gatling-recorder-3.9.5.jar:/Users/hazlin/.m2/repository/org/scala-lang/modules/scala-swing_2.13/3.0.0/scala-swing_2.13-3.0.0.jar:/Users/hazlin/.m2/repository/com/fasterxml/jackson/core/jackson-databind/2.15.3/jackson-databind-2.15.3.jar:/Users/hazlin/.m2/repository/com/fasterxml/jackson/core/jackson-annotations/2.15.3/jackson-annotations-2.15.3.jar:/Users/hazlin/.m2/repository/com/fasterxml/jackson/core/jackson-core/2.15.3/jackson-core-2.15.3.jar:/Users/hazlin/.m2/repository/io/gatling/gatling-recorder-bc-shaded/1.73/gatling-recorder-bc-shaded-1.73.jar:/Users/hazlin/.m2/repository/io/netty/netty-codec-http/4.1.100.Final/netty-codec-http-4.1.100.Final.jar:/Users/hazlin/.m2/repository/io/netty/netty-common/4.1.100.Final/netty-common-4.1.100.Final.jar:/Users/hazlin/.m2/repository/io/netty/netty-buffer/4.1.100.Final/netty-buffer-4.1.100.Final.jar:/Users/hazlin/.m2/repository/io/netty/netty-transport/4.1.100.Final/netty-transport-4.1.100.Final.jar:/Users/hazlin/.m2/repository/io/netty/netty-codec/4.1.100.Final/netty-codec-4.1.100.Final.jar:/Users/hazlin/.m2/repository/com/typesafe/akka/akka-actor_2.13/2.6.20/akka-actor_2.13-2.6.20.jar:/Users/hazlin/.m2/repository/com/typesafe/config/1.4.2/config-1.4.2.jar:/Users/hazlin/.m2/repository/org/scala-lang/modules/scala-java8-compat_2.13/1.0.0/scala-java8-compat_2.13-1.0.0.jar:"/>
    <property name="sun.cpu.endian" value="little"/>
    <property name="user.home" value="/Users/hazlin"/>
    <property name="user.language" value="zh"/>
    <property name="java.specification.vendor" value="Oracle Corporation"/>
    <property name="java.version.date" value="2025-04-15"/>
    <property name="java.home" value="/Library/Java/JavaVirtualMachines/jdk-21.jdk/Contents/Home"/>
    <property name="file.separator" value="/"/>
    <property name="https.proxyHost" value="127.0.0.1"/>
    <property name="basedir" value="/Users/hazlin/Documents/work/transactionmanagement"/>
    <property name="java.vm.compressedOopsMode" value="Zero based"/>
    <property name="line.separator" value="&#10;"/>
    <property name="java.vm.specification.vendor" value="Oracle Corporation"/>
    <property name="java.specification.name" value="Java Platform API Specification"/>
    <property name="FILE_LOG_CHARSET" value="UTF-8"/>
    <property name="java.awt.headless" value="true"/>
    <property name="apple.awt.application.name" value="ForkedBooter"/>
    <property name="surefire.real.class.path" value="/Users/hazlin/Documents/work/transactionmanagement/target/surefire/surefirebooter-20250827231201380_3.jar"/>
    <property name="user.script" value="Hans"/>
    <property name="sun.management.compiler" value="HotSpot 64-Bit Tiered Compilers"/>
    <property name="ftp.nonProxyHosts" value="127.0.0.1|192.168.0.0/16|*.192.168.0.0/16|10.0.0.0/8|*.10.0.0.0/8|172.16.0.0/12|*.172.16.0.0/12|172.29.0.0/16|*.172.29.0.0/16|localhost|*.localhost|local|*.local|crashlytics.com|*.crashlytics.com|&lt;local&gt;|*.&lt;local&gt;"/>
    <property name="java.runtime.version" value="21.0.7+8-LTS-245"/>
    <property name="user.name" value="hazlin"/>
    <property name="stdout.encoding" value="UTF-8"/>
    <property name="path.separator" value=":"/>
    <property name="os.version" value="12.7.5"/>
    <property name="java.runtime.name" value="Java(TM) SE Runtime Environment"/>
    <property name="file.encoding" value="UTF-8"/>
    <property name="java.vm.name" value="Java HotSpot(TM) 64-Bit Server VM"/>
    <property name="localRepository" value="/Users/hazlin/.m2/repository"/>
    <property name="java.vendor.url.bug" value="https://bugreport.java.com/bugreport/"/>
    <property name="java.io.tmpdir" value="/var/folders/v_/7p54cdpj78j6g02zwv9xsm440000gn/T/"/>
    <property name="java.version" value="21.0.7"/>
    <property name="user.dir" value="/Users/hazlin/Documents/work/transactionmanagement"/>
    <property name="os.arch" value="x86_64"/>
    <property name="socksProxyPort" value="7897"/>
    <property name="java.vm.specification.name" value="Java Virtual Machine Specification"/>
    <property name="PID" value="5558"/>
    <property name="CONSOLE_LOG_CHARSET" value="UTF-8"/>
    <property name="native.encoding" value="UTF-8"/>
    <property name="java.library.path" value="/Users/hazlin/Library/Java/Extensions:/Library/Java/Extensions:/Network/Library/Java/Extensions:/System/Library/Java/Extensions:/usr/lib/java:."/>
    <property name="java.vm.info" value="mixed mode, sharing"/>
    <property name="stderr.encoding" value="UTF-8"/>
    <property name="java.vendor" value="Oracle Corporation"/>
    <property name="java.vm.version" value="21.0.7+8-LTS-245"/>
    <property name="sun.io.unicode.encoding" value="UnicodeBig"/>
    <property name="socksNonProxyHosts" value="127.0.0.1|192.168.0.0/16|*.192.168.0.0/16|10.0.0.0/8|*.10.0.0.0/8|172.16.0.0/12|*.172.16.0.0/12|172.29.0.0/16|*.172.29.0.0/16|localhost|*.localhost|local|*.local|crashlytics.com|*.crashlytics.com|&lt;local&gt;|*.&lt;local&gt;"/>
    <property name="java.class.version" value="65.0"/>
    <property name="http.proxyPort" value="7897"/>
  </properties>
  <testcase name="deleteTransaction_shouldReturnNoContent" classname="com.hazlin.transactionmanagement.controller.TransactionControllerTest" time="0.127">
    <system-out><![CDATA[23:12:02.353 [main] INFO org.springframework.test.context.support.AnnotationConfigContextLoaderUtils -- Could not detect default configuration classes for test class [com.hazlin.transactionmanagement.controller.TransactionControllerTest]: TransactionControllerTest does not declare any static, non-private, non-final, nested classes annotated with @Configuration.
23:12:02.511 [main] INFO org.springframework.boot.test.context.SpringBootTestContextBootstrapper -- Found @SpringBootConfiguration com.hazlin.transactionmanagement.TransactionManagementApplication for test class com.hazlin.transactionmanagement.controller.TransactionControllerTest

  .   ____          _            __ _ _
 /\\ / ___'_ __ _ _(_)_ __  __ _ \ \ \ \
( ( )\___ | '_ | '_| | '_ \/ _` | \ \ \ \
 \\/  ___)| |_)| | | | | || (_| |  ) ) ) )
  '  |____| .__|_| |_|_| |_\__, | / / / /
 =========|_|==============|___/=/_/_/_/
 :: Spring Boot ::                (v3.1.5)

2025-08-27T23:12:02.956+08:00  INFO 5558 --- [           main] c.h.t.c.TransactionControllerTest        : Starting TransactionControllerTest using Java 21.0.7 with PID 5558 (started by hazlin in /Users/hazlin/Documents/work/transactionmanagement)
2025-08-27T23:12:02.957+08:00  INFO 5558 --- [           main] c.h.t.c.TransactionControllerTest        : No active profile set, falling back to 1 default profile: "default"
2025-08-27T23:12:05.509+08:00  INFO 5558 --- [           main] o.s.b.t.m.w.SpringBootMockServletContext : Initializing Spring TestDispatcherServlet ''
2025-08-27T23:12:05.509+08:00  INFO 5558 --- [           main] o.s.t.web.servlet.TestDispatcherServlet  : Initializing Servlet ''
2025-08-27T23:12:05.511+08:00  INFO 5558 --- [           main] o.s.t.web.servlet.TestDispatcherServlet  : Completed initialization in 1 ms
2025-08-27T23:12:05.538+08:00  INFO 5558 --- [           main] c.h.t.c.TransactionControllerTest        : Started TransactionControllerTest in 2.936 seconds (process running for 4.068)
]]></system-out>
    <system-err><![CDATA[WARNING: A Java agent has been loaded dynamically (/Users/hazlin/.m2/repository/net/bytebuddy/byte-buddy-agent/1.14.9/byte-buddy-agent-1.14.9.jar)
WARNING: If a serviceability tool is in use, please run with -XX:+EnableDynamicAgentLoading to hide this warning
WARNING: If a serviceability tool is not in use, please run with -Djdk.instrument.traceUsage for more information
WARNING: Dynamic loading of agents will be disallowed by default in a future release
]]></system-err>
  </testcase>
  <testcase name="getTransactionById_shouldReturnOk" classname="com.hazlin.transactionmanagement.controller.TransactionControllerTest" time="0.04"/>
  <testcase name="getAllTransactions_shouldReturnOk" classname="com.hazlin.transactionmanagement.controller.TransactionControllerTest" time="0.015">
    <error message="Request processing failed: java.lang.NullPointerException: Cannot invoke &quot;org.springframework.data.domain.Page.map(java.util.function.Function)&quot; because &quot;transactions&quot; is null" type="jakarta.servlet.ServletException"><![CDATA[jakarta.servlet.ServletException: Request processing failed: java.lang.NullPointerException: Cannot invoke "org.springframework.data.domain.Page.map(java.util.function.Function)" because "transactions" is null
	at org.springframework.web.servlet.FrameworkServlet.processRequest(FrameworkServlet.java:1019)
	at org.springframework.web.servlet.FrameworkServlet.doGet(FrameworkServlet.java:903)
	at jakarta.servlet.http.HttpServlet.service(HttpServlet.java:564)
	at org.springframework.web.servlet.FrameworkServlet.service(FrameworkServlet.java:885)
	at org.springframework.test.web.servlet.TestDispatcherServlet.service(TestDispatcherServlet.java:72)
	at jakarta.servlet.http.HttpServlet.service(HttpServlet.java:658)
	at org.springframework.mock.web.MockFilterChain$ServletFilterProxy.doFilter(MockFilterChain.java:165)
	at org.springframework.mock.web.MockFilterChain.doFilter(MockFilterChain.java:132)
	at org.springframework.web.filter.RequestContextFilter.doFilterInternal(RequestContextFilter.java:100)
	at org.springframework.web.filter.OncePerRequestFilter.doFilter(OncePerRequestFilter.java:116)
	at org.springframework.mock.web.MockFilterChain.doFilter(MockFilterChain.java:132)
	at org.springframework.web.filter.FormContentFilter.doFilterInternal(FormContentFilter.java:93)
	at org.springframework.web.filter.OncePerRequestFilter.doFilter(OncePerRequestFilter.java:116)
	at org.springframework.mock.web.MockFilterChain.doFilter(MockFilterChain.java:132)
	at org.springframework.web.filter.CharacterEncodingFilter.doFilterInternal(CharacterEncodingFilter.java:201)
	at org.springframework.web.filter.OncePerRequestFilter.doFilter(OncePerRequestFilter.java:116)
	at org.springframework.mock.web.MockFilterChain.doFilter(MockFilterChain.java:132)
	at org.springframework.test.web.servlet.MockMvc.perform(MockMvc.java:201)
	at com.hazlin.transactionmanagement.controller.TransactionControllerTest.getAllTransactions_shouldReturnOk(TransactionControllerTest.java:63)
	at java.base/jdk.internal.reflect.DirectMethodHandleAccessor.invoke(DirectMethodHandleAccessor.java:103)
	at java.base/java.lang.reflect.Method.invoke(Method.java:580)
	at org.junit.platform.commons.util.ReflectionUtils.invokeMethod(ReflectionUtils.java:727)
	at org.junit.jupiter.engine.execution.MethodInvocation.proceed(MethodInvocation.java:60)
	at org.junit.jupiter.engine.execution.InvocationInterceptorChain$ValidatingInvocation.proceed(InvocationInterceptorChain.java:131)
	at org.junit.jupiter.engine.extension.TimeoutExtension.intercept(TimeoutExtension.java:156)
	at org.junit.jupiter.engine.extension.TimeoutExtension.interceptTestableMethod(TimeoutExtension.java:147)
	at org.junit.jupiter.engine.extension.TimeoutExtension.interceptTestMethod(TimeoutExtension.java:86)
	at org.junit.jupiter.engine.execution.InterceptingExecutableInvoker$ReflectiveInterceptorCall.lambda$ofVoidMethod$0(InterceptingExecutableInvoker.java:103)
	at org.junit.jupiter.engine.execution.InterceptingExecutableInvoker.lambda$invoke$0(InterceptingExecutableInvoker.java:93)
	at org.junit.jupiter.engine.execution.InvocationInterceptorChain$InterceptedInvocation.proceed(InvocationInterceptorChain.java:106)
	at org.junit.jupiter.engine.execution.InvocationInterceptorChain.proceed(InvocationInterceptorChain.java:64)
	at org.junit.jupiter.engine.execution.InvocationInterceptorChain.chainAndInvoke(InvocationInterceptorChain.java:45)
	at org.junit.jupiter.engine.execution.InvocationInterceptorChain.invoke(InvocationInterceptorChain.java:37)
	at org.junit.jupiter.engine.execution.InterceptingExecutableInvoker.invoke(InterceptingExecutableInvoker.java:92)
	at org.junit.jupiter.engine.execution.InterceptingExecutableInvoker.invoke(InterceptingExecutableInvoker.java:86)
	at org.junit.jupiter.engine.descriptor.TestMethodTestDescriptor.lambda$invokeTestMethod$7(TestMethodTestDescriptor.java:217)
	at org.junit.platform.engine.support.hierarchical.ThrowableCollector.execute(ThrowableCollector.java:73)
	at org.junit.jupiter.engine.descriptor.TestMethodTestDescriptor.invokeTestMethod(TestMethodTestDescriptor.java:213)
	at org.junit.jupiter.engine.descriptor.TestMethodTestDescriptor.execute(TestMethodTestDescriptor.java:138)
	at org.junit.jupiter.engine.descriptor.TestMethodTestDescriptor.execute(TestMethodTestDescriptor.java:68)
	at org.junit.platform.engine.support.hierarchical.NodeTestTask.lambda$executeRecursively$6(NodeTestTask.java:151)
	at org.junit.platform.engine.support.hierarchical.ThrowableCollector.execute(ThrowableCollector.java:73)
	at org.junit.platform.engine.support.hierarchical.NodeTestTask.lambda$executeRecursively$8(NodeTestTask.java:141)
	at org.junit.platform.engine.support.hierarchical.Node.around(Node.java:137)
	at org.junit.platform.engine.support.hierarchical.NodeTestTask.lambda$executeRecursively$9(NodeTestTask.java:139)
	at org.junit.platform.engine.support.hierarchical.ThrowableCollector.execute(ThrowableCollector.java:73)
	at org.junit.platform.engine.support.hierarchical.NodeTestTask.executeRecursively(NodeTestTask.java:138)
	at org.junit.platform.engine.support.hierarchical.NodeTestTask.execute(NodeTestTask.java:95)
	at java.base/java.util.ArrayList.forEach(ArrayList.java:1596)
	at org.junit.platform.engine.support.hierarchical.SameThreadHierarchicalTestExecutorService.invokeAll(SameThreadHierarchicalTestExecutorService.java:41)
	at org.junit.platform.engine.support.hierarchical.NodeTestTask.lambda$executeRecursively$6(NodeTestTask.java:155)
	at org.junit.platform.engine.support.hierarchical.ThrowableCollector.execute(ThrowableCollector.java:73)
	at org.junit.platform.engine.support.hierarchical.NodeTestTask.lambda$executeRecursively$8(NodeTestTask.java:141)
	at org.junit.platform.engine.support.hierarchical.Node.around(Node.java:137)
	at org.junit.platform.engine.support.hierarchical.NodeTestTask.lambda$executeRecursively$9(NodeTestTask.java:139)
	at org.junit.platform.engine.support.hierarchical.ThrowableCollector.execute(ThrowableCollector.java:73)
	at org.junit.platform.engine.support.hierarchical.NodeTestTask.executeRecursively(NodeTestTask.java:138)
	at org.junit.platform.engine.support.hierarchical.NodeTestTask.execute(NodeTestTask.java:95)
	at java.base/java.util.ArrayList.forEach(ArrayList.java:1596)
	at org.junit.platform.engine.support.hierarchical.SameThreadHierarchicalTestExecutorService.invokeAll(SameThreadHierarchicalTestExecutorService.java:41)
	at org.junit.platform.engine.support.hierarchical.NodeTestTask.lambda$executeRecursively$6(NodeTestTask.java:155)
	at org.junit.platform.engine.support.hierarchical.ThrowableCollector.execute(ThrowableCollector.java:73)
	at org.junit.platform.engine.support.hierarchical.NodeTestTask.lambda$executeRecursively$8(NodeTestTask.java:141)
	at org.junit.platform.engine.support.hierarchical.Node.around(Node.java:137)
	at org.junit.platform.engine.support.hierarchical.NodeTestTask.lambda$executeRecursively$9(NodeTestTask.java:139)
	at org.junit.platform.engine.support.hierarchical.ThrowableCollector.execute(ThrowableCollector.java:73)
	at org.junit.platform.engine.support.hierarchical.NodeTestTask.executeRecursively(NodeTestTask.java:138)
	at org.junit.platform.engine.support.hierarchical.NodeTestTask.execute(NodeTestTask.java:95)
	at org.junit.platform.engine.support.hierarchical.SameThreadHierarchicalTestExecutorService.submit(SameThreadHierarchicalTestExecutorService.java:35)
	at org.junit.platform.engine.support.hierarchical.HierarchicalTestExecutor.execute(HierarchicalTestExecutor.java:57)
	at org.junit.platform.engine.support.hierarchical.HierarchicalTestEngine.execute(HierarchicalTestEngine.java:54)
	at org.junit.platform.launcher.core.EngineExecutionOrchestrator.execute(EngineExecutionOrchestrator.java:147)
	at org.junit.platform.launcher.core.EngineExecutionOrchestrator.execute(EngineExecutionOrchestrator.java:127)
	at org.junit.platform.launcher.core.EngineExecutionOrchestrator.execute(EngineExecutionOrchestrator.java:90)
	at org.junit.platform.launcher.core.EngineExecutionOrchestrator.lambda$execute$0(EngineExecutionOrchestrator.java:55)
	at org.junit.platform.launcher.core.EngineExecutionOrchestrator.withInterceptedStreams(EngineExecutionOrchestrator.java:102)
	at org.junit.platform.launcher.core.EngineExecutionOrchestrator.execute(EngineExecutionOrchestrator.java:54)
	at org.junit.platform.launcher.core.DefaultLauncher.execute(DefaultLauncher.java:114)
	at org.junit.platform.launcher.core.DefaultLauncher.execute(DefaultLauncher.java:86)
	at org.junit.platform.launcher.core.DefaultLauncherSession$DelegatingLauncher.execute(DefaultLauncherSession.java:86)
	at org.apache.maven.surefire.junitplatform.LazyLauncher.execute(LazyLauncher.java:50)
	at org.apache.maven.surefire.junitplatform.JUnitPlatformProvider.execute(JUnitPlatformProvider.java:184)
	at org.apache.maven.surefire.junitplatform.JUnitPlatformProvider.invokeAllTests(JUnitPlatformProvider.java:148)
	at org.apache.maven.surefire.junitplatform.JUnitPlatformProvider.invoke(JUnitPlatformProvider.java:122)
	at org.apache.maven.surefire.booter.ForkedBooter.runSuitesInProcess(ForkedBooter.java:385)
	at org.apache.maven.surefire.booter.ForkedBooter.execute(ForkedBooter.java:162)
	at org.apache.maven.surefire.booter.ForkedBooter.run(ForkedBooter.java:507)
	at org.apache.maven.surefire.booter.ForkedBooter.main(ForkedBooter.java:495)
Caused by: java.lang.NullPointerException: Cannot invoke "org.springframework.data.domain.Page.map(java.util.function.Function)" because "transactions" is null
	at com.hazlin.transactionmanagement.controller.TransactionController.getAllTransactions(TransactionController.java:36)
	at java.base/jdk.internal.reflect.DirectMethodHandleAccessor.invoke(DirectMethodHandleAccessor.java:103)
	at java.base/java.lang.reflect.Method.invoke(Method.java:580)
	at org.springframework.web.method.support.InvocableHandlerMethod.doInvoke(InvocableHandlerMethod.java:205)
	at org.springframework.web.method.support.InvocableHandlerMethod.invokeForRequest(InvocableHandlerMethod.java:150)
	at org.springframework.web.servlet.mvc.method.annotation.ServletInvocableHandlerMethod.invokeAndHandle(ServletInvocableHandlerMethod.java:118)
	at org.springframework.web.servlet.mvc.method.annotation.RequestMappingHandlerAdapter.invokeHandlerMethod(RequestMappingHandlerAdapter.java:884)
	at org.springframework.web.servlet.mvc.method.annotation.RequestMappingHandlerAdapter.handleInternal(RequestMappingHandlerAdapter.java:797)
	at org.springframework.web.servlet.mvc.method.AbstractHandlerMethodAdapter.handle(AbstractHandlerMethodAdapter.java:87)
	at org.springframework.web.servlet.DispatcherServlet.doDispatch(DispatcherServlet.java:1081)
	at org.springframework.web.servlet.DispatcherServlet.doService(DispatcherServlet.java:974)
	at org.springframework.web.servlet.FrameworkServlet.processRequest(FrameworkServlet.java:1011)
	... 87 more
]]></error>
  </testcase>
  <testcase name="deleteTransaction_shouldReturnNotFound" classname="com.hazlin.transactionmanagement.controller.TransactionControllerTest" time="0.025"/>
  <testcase name="updateTransaction_shouldReturnNotFound" classname="com.hazlin.transactionmanagement.controller.TransactionControllerTest" time="0.103"/>
  <testcase name="getTransactionById_shouldReturnNotFound" classname="com.hazlin.transactionmanagement.controller.TransactionControllerTest" time="0.005"/>
  <testcase name="createTransaction_shouldReturnCreated" classname="com.hazlin.transactionmanagement.controller.TransactionControllerTest" time="0.006"/>
  <testcase name="updateTransaction_shouldReturnOk" classname="com.hazlin.transactionmanagement.controller.TransactionControllerTest" time="0.006"/>
</testsuite>